mode: atomic
github.com/database-mesh/pisanix/pisa-controller/pkg/proxy/http.go:28.34,34.16 2 0
github.com/database-mesh/pisanix/pisa-controller/pkg/proxy/http.go:39.2,39.38 1 0
github.com/database-mesh/pisanix/pisa-controller/pkg/proxy/http.go:34.16,37.3 2 0
github.com/database-mesh/pisanix/pisa-controller/pkg/proxy/http.go:42.61,111.2 2 0
github.com/database-mesh/pisanix/pisa-controller/pkg/proxy/http.go:113.106,115.16 2 0
github.com/database-mesh/pisanix/pisa-controller/pkg/proxy/http.go:119.2,120.16 2 0
github.com/database-mesh/pisanix/pisa-controller/pkg/proxy/http.go:124.2,125.16 2 0
github.com/database-mesh/pisanix/pisa-controller/pkg/proxy/http.go:129.2,129.37 1 0
github.com/database-mesh/pisanix/pisa-controller/pkg/proxy/http.go:115.16,117.3 1 0
github.com/database-mesh/pisanix/pisa-controller/pkg/proxy/http.go:120.16,122.3 1 0
github.com/database-mesh/pisanix/pisa-controller/pkg/proxy/http.go:125.16,127.3 1 0
github.com/database-mesh/pisanix/pisa-controller/pkg/proxy/http.go:133.142,136.44 3 1
github.com/database-mesh/pisanix/pisa-controller/pkg/proxy/http.go:160.2,173.25 10 1
github.com/database-mesh/pisanix/pisa-controller/pkg/proxy/http.go:136.44,140.35 3 1
github.com/database-mesh/pisanix/pisa-controller/pkg/proxy/http.go:147.3,148.39 2 1
github.com/database-mesh/pisanix/pisa-controller/pkg/proxy/http.go:156.3,157.39 2 1
github.com/database-mesh/pisanix/pisa-controller/pkg/proxy/http.go:140.35,141.42 1 1
github.com/database-mesh/pisanix/pisa-controller/pkg/proxy/http.go:141.42,144.5 2 1
github.com/database-mesh/pisanix/pisa-controller/pkg/proxy/http.go:148.39,149.54 1 1
github.com/database-mesh/pisanix/pisa-controller/pkg/proxy/http.go:149.54,150.28 1 1
github.com/database-mesh/pisanix/pisa-controller/pkg/proxy/http.go:150.28,152.6 1 1
github.com/database-mesh/pisanix/pisa-controller/pkg/proxy/server.go:26.13,28.2 1 1
github.com/database-mesh/pisanix/pisa-controller/pkg/proxy/server.go:34.29,41.2 5 0
github.com/database-mesh/pisanix/pisa-controller/pkg/proxy/builder.go:60.58,67.2 1 1
github.com/database-mesh/pisanix/pisa-controller/pkg/proxy/builder.go:69.109,72.2 2 1
github.com/database-mesh/pisanix/pisa-controller/pkg/proxy/builder.go:74.109,77.2 2 1
github.com/database-mesh/pisanix/pisa-controller/pkg/proxy/builder.go:79.109,82.2 2 1
github.com/database-mesh/pisanix/pisa-controller/pkg/proxy/builder.go:84.117,87.2 2 0
github.com/database-mesh/pisanix/pisa-controller/pkg/proxy/builder.go:89.59,97.2 6 1
github.com/database-mesh/pisanix/pisa-controller/pkg/proxy/builder.go:105.50,111.2 1 2
github.com/database-mesh/pisanix/pisa-controller/pkg/proxy/builder.go:113.71,116.2 2 0
github.com/database-mesh/pisanix/pisa-controller/pkg/proxy/builder.go:118.71,121.2 2 0
github.com/database-mesh/pisanix/pisa-controller/pkg/proxy/builder.go:124.79,127.2 2 0
github.com/database-mesh/pisanix/pisa-controller/pkg/proxy/builder.go:129.51,135.2 1 1
github.com/database-mesh/pisanix/pisa-controller/pkg/proxy/builder.go:141.50,145.2 1 2
github.com/database-mesh/pisanix/pisa-controller/pkg/proxy/builder.go:147.93,150.2 2 1
github.com/database-mesh/pisanix/pisa-controller/pkg/proxy/builder.go:152.51,157.42 2 1
github.com/database-mesh/pisanix/pisa-controller/pkg/proxy/builder.go:162.2,162.15 1 1
github.com/database-mesh/pisanix/pisa-controller/pkg/proxy/builder.go:157.42,160.3 2 1
github.com/database-mesh/pisanix/pisa-controller/pkg/proxy/builder.go:172.38,174.2 1 1
github.com/database-mesh/pisanix/pisa-controller/pkg/proxy/builder.go:176.99,179.2 2 1
github.com/database-mesh/pisanix/pisa-controller/pkg/proxy/builder.go:181.84,184.2 2 1
github.com/database-mesh/pisanix/pisa-controller/pkg/proxy/builder.go:186.92,189.2 2 1
github.com/database-mesh/pisanix/pisa-controller/pkg/proxy/builder.go:191.76,194.2 2 0
github.com/database-mesh/pisanix/pisa-controller/pkg/proxy/builder.go:196.39,199.67 3 7
github.com/database-mesh/pisanix/pisa-controller/pkg/proxy/builder.go:345.2,345.14 1 7
github.com/database-mesh/pisanix/pisa-controller/pkg/proxy/builder.go:199.67,205.56 6 7
github.com/database-mesh/pisanix/pisa-controller/pkg/proxy/builder.go:208.3,208.55 1 7
github.com/database-mesh/pisanix/pisa-controller/pkg/proxy/builder.go:211.3,214.48 3 7
github.com/database-mesh/pisanix/pisa-controller/pkg/proxy/builder.go:322.3,322.103 1 7
github.com/database-mesh/pisanix/pisa-controller/pkg/proxy/builder.go:326.3,326.53 1 7
github.com/database-mesh/pisanix/pisa-controller/pkg/proxy/builder.go:335.3,335.59 1 7
github.com/database-mesh/pisanix/pisa-controller/pkg/proxy/builder.go:205.56,207.4 1 0
github.com/database-mesh/pisanix/pisa-controller/pkg/proxy/builder.go:208.55,210.4 1 0
github.com/database-mesh/pisanix/pisa-controller/pkg/proxy/builder.go:214.48,216.11 1 6
github.com/database-mesh/pisanix/pisa-controller/pkg/proxy/builder.go:217.70,218.5 1 4
github.com/database-mesh/pisanix/pisa-controller/pkg/proxy/builder.go:275.69,276.5 1 2
github.com/database-mesh/pisanix/pisa-controller/pkg/proxy/builder.go:218.5,220.77 1 4
github.com/database-mesh/pisanix/pisa-controller/pkg/proxy/builder.go:234.6,234.78 1 4
github.com/database-mesh/pisanix/pisa-controller/pkg/proxy/builder.go:220.77,226.89 4 1
github.com/database-mesh/pisanix/pisa-controller/pkg/proxy/builder.go:226.89,232.8 5 2
github.com/database-mesh/pisanix/pisa-controller/pkg/proxy/builder.go:234.78,242.90 4 3
github.com/database-mesh/pisanix/pisa-controller/pkg/proxy/builder.go:250.7,250.112 1 3
github.com/database-mesh/pisanix/pisa-controller/pkg/proxy/builder.go:242.90,248.8 5 6
github.com/database-mesh/pisanix/pisa-controller/pkg/proxy/builder.go:250.112,272.8 1 3
github.com/database-mesh/pisanix/pisa-controller/pkg/proxy/builder.go:276.5,282.33 3 2
github.com/database-mesh/pisanix/pisa-controller/pkg/proxy/builder.go:282.33,284.7 1 4
github.com/database-mesh/pisanix/pisa-controller/pkg/proxy/builder.go:287.9,287.46 1 1
github.com/database-mesh/pisanix/pisa-controller/pkg/proxy/builder.go:287.46,290.40 2 1
github.com/database-mesh/pisanix/pisa-controller/pkg/proxy/builder.go:290.40,291.46 1 1
github.com/database-mesh/pisanix/pisa-controller/pkg/proxy/builder.go:291.46,300.46 3 1
github.com/database-mesh/pisanix/pisa-controller/pkg/proxy/builder.go:315.6,316.48 2 1
github.com/database-mesh/pisanix/pisa-controller/pkg/proxy/builder.go:300.46,302.72 1 1
github.com/database-mesh/pisanix/pisa-controller/pkg/proxy/builder.go:302.72,303.82 1 1
github.com/database-mesh/pisanix/pisa-controller/pkg/proxy/builder.go:303.82,304.88 1 1
github.com/database-mesh/pisanix/pisa-controller/pkg/proxy/builder.go:304.88,305.27 1 1
github.com/database-mesh/pisanix/pisa-controller/pkg/proxy/builder.go:305.27,307.11 1 0
github.com/database-mesh/pisanix/pisa-controller/pkg/proxy/builder.go:307.16,307.57 1 1
github.com/database-mesh/pisanix/pisa-controller/pkg/proxy/builder.go:307.57,309.11 1 1
github.com/database-mesh/pisanix/pisa-controller/pkg/proxy/builder.go:309.17,310.11 0 0
github.com/database-mesh/pisanix/pisa-controller/pkg/proxy/builder.go:319.10,320.4 0 0
github.com/database-mesh/pisanix/pisa-controller/pkg/proxy/builder.go:322.103,324.4 1 5
github.com/database-mesh/pisanix/pisa-controller/pkg/proxy/builder.go:326.53,327.60 1 5
github.com/database-mesh/pisanix/pisa-controller/pkg/proxy/builder.go:327.60,331.5 1 5
github.com/database-mesh/pisanix/pisa-controller/pkg/proxy/builder.go:335.59,336.71 1 5
github.com/database-mesh/pisanix/pisa-controller/pkg/proxy/builder.go:336.71,340.5 1 5
github.com/database-mesh/pisanix/pisa-controller/pkg/proxy/builder.go:348.88,350.29 2 3
github.com/database-mesh/pisanix/pisa-controller/pkg/proxy/builder.go:364.2,364.14 1 3
github.com/database-mesh/pisanix/pisa-controller/pkg/proxy/builder.go:350.29,351.38 1 5
github.com/database-mesh/pisanix/pisa-controller/pkg/proxy/builder.go:351.38,362.4 1 5
github.com/database-mesh/pisanix/pisa-controller/pkg/proxy/builder.go:376.63,378.16 2 5
github.com/database-mesh/pisanix/pisa-controller/pkg/proxy/builder.go:382.2,382.8 1 5
github.com/database-mesh/pisanix/pisa-controller/pkg/proxy/builder.go:378.16,380.3 1 0
github.com/database-mesh/pisanix/pisa-controller/pkg/proxy/builder.go:391.50,393.2 1 2
github.com/database-mesh/pisanix/pisa-controller/pkg/proxy/builder.go:395.104,398.2 2 1
github.com/database-mesh/pisanix/pisa-controller/pkg/proxy/builder.go:400.51,408.2 3 1
github.com/database-mesh/pisanix/pisa-controller/pkg/proxy/builder.go:415.58,419.2 1 2
github.com/database-mesh/pisanix/pisa-controller/pkg/proxy/builder.go:421.93,424.2 2 1
github.com/database-mesh/pisanix/pisa-controller/pkg/proxy/builder.go:426.112,429.2 2 1
github.com/database-mesh/pisanix/pisa-controller/pkg/proxy/builder.go:431.59,433.43 2 2
github.com/database-mesh/pisanix/pisa-controller/pkg/proxy/builder.go:442.2,446.44 2 2
github.com/database-mesh/pisanix/pisa-controller/pkg/proxy/builder.go:468.2,468.15 1 2
github.com/database-mesh/pisanix/pisa-controller/pkg/proxy/builder.go:433.43,434.78 1 3
github.com/database-mesh/pisanix/pisa-controller/pkg/proxy/builder.go:437.3,437.83 1 3
github.com/database-mesh/pisanix/pisa-controller/pkg/proxy/builder.go:434.78,436.4 1 2
github.com/database-mesh/pisanix/pisa-controller/pkg/proxy/builder.go:437.83,439.4 1 1
github.com/database-mesh/pisanix/pisa-controller/pkg/proxy/builder.go:446.44,447.39 1 1
github.com/database-mesh/pisanix/pisa-controller/pkg/proxy/builder.go:447.39,448.48 1 1
github.com/database-mesh/pisanix/pisa-controller/pkg/proxy/builder.go:448.48,452.34 2 1
github.com/database-mesh/pisanix/pisa-controller/pkg/proxy/builder.go:461.5,463.10 2 1
github.com/database-mesh/pisanix/pisa-controller/pkg/proxy/builder.go:452.34,454.51 1 2
github.com/database-mesh/pisanix/pisa-controller/pkg/proxy/builder.go:457.6,457.56 1 2
github.com/database-mesh/pisanix/pisa-controller/pkg/proxy/builder.go:454.51,456.7 1 1
github.com/database-mesh/pisanix/pisa-controller/pkg/proxy/builder.go:457.56,459.7 1 1
